<?xml version="1.0" encoding="UTF-8"?>
<testsuites name="TestSuitesDemo" time="23.121" tests="1" failures="0" errors="0">
   <testsuite name="TestSuitesDemo" tests="1" failures="0" errors="0" time="23.121" skipped="0" timestamp="2023-12-30 14:54:08" hostname="abdulraffi - 192.168.100.124" id="Test Suites/DemoCollection/TestSuitesDemo">
      <properties>
         <property name="deviceName" value=""/>
         <property name="devicePlatform" value=""/>
         <property name="logFolder" value="/Users/abdulraffi/Documents/PSDS Automation/Belajar/Katalon/Reports/20231230_145404/DemoCollection/TestSuitesDemo/20231230_145404"/>
         <property name="logFiles" value="/Users/abdulraffi/Documents/PSDS Automation/Belajar/Katalon/Reports/20231230_145404/DemoCollection/TestSuitesDemo/20231230_145404/execution0.log"/>
         <property name="attachments" value=""/>
         <property name="hostName" value="abdulraffi - 192.168.100.124"/>
         <property name="os" value="Mac OS X 64bit"/>
         <property name="katalonVersion" value="8.6.8.208"/>
         <property name="browser" value="Chrome 120.0.0.0"/>
         <property name="hostAddress" value="192.168.100.124"/>
         <property name="sessionId" value="e9660a3454fb41c19558c7eee71975f4"/>
         <property name="seleniumVersion" value="3.141.59"/>
         <property name="proxyInformation" value="ProxyInformation { proxyOption=NO_PROXY, proxyServerType=HTTP, username=, password=********, proxyServerAddress=, proxyServerPort=0, executionList=&quot;&quot;, isApplyToDesiredCapabilities=true }"/>
         <property name="platform" value="Mac OS X"/>
      </properties>
      <testcase name="Test Cases/Demo/ScriptDemo" time="22.487" classname="Test Cases/Demo/ScriptDemo" status="PASSED">
         <system-out><![CDATA[2023-12-30 14:54:09 - [TEST_CASE][PASSED] - Test Cases/Demo/ScriptDemo: Test Cases/Demo/ScriptDemo

2023-12-30 14:54:10 - [TEST_STEP][PASSED] - openBrowser(""): Browser is opened with url: ''

2023-12-30 14:54:10 - [MESSAGE][INFO] - Starting 'Chrome' driver

2023-12-30 14:54:10 - [MESSAGE][INFO] - Action delay is set to 0 milliseconds

2023-12-30 14:54:15 - [MESSAGE][PASSED] - Browser is opened with url: ''

2023-12-30 14:54:15 - [TEST_STEP][PASSED] - navigateToUrl("https://opensource-demo.orangehrmlive.com/"): Navigate to 'https://opensource-demo.orangehrmlive.com/' successfully

2023-12-30 14:54:23 - [MESSAGE][PASSED] - Navigate to 'https://opensource-demo.orangehrmlive.com/' successfully

2023-12-30 14:54:23 - [TEST_STEP][PASSED] - x_username = "//input[@name='username']": null

2023-12-30 14:54:23 - [TEST_STEP][PASSED] - setText(findTestObject("Object Repository/DemoObject - Orange Web/input_Username"), "Admin"): Text 'Admin' is set on object 'Object Repository/DemoObject - Orange Web/input_Username'

2023-12-30 14:54:25 - [MESSAGE][PASSED] - Text 'Admin' is set on object 'Object Repository/DemoObject - Orange Web/input_Username'

2023-12-30 14:54:25 - [TEST_STEP][PASSED] - setEncryptedText(findTestObject("Object Repository/DemoObject - Orange Web/input_Password"), "hUKwJTbofgPU9eVlw/CnDQ=="): Text ****** has been set on object 'Object Repository/DemoObject - Orange Web/input_Password'

2023-12-30 14:54:26 - [MESSAGE][PASSED] - Text ****** has been set on object 'Object Repository/DemoObject - Orange Web/input_Password'

2023-12-30 14:54:26 - [TEST_STEP][PASSED] - click(findTestObject("Object Repository/DemoObject - Orange Web/button")): Object: 'Object Repository/DemoObject - Orange Web/button' is clicked on

2023-12-30 14:54:26 - [MESSAGE][PASSED] - Object: 'Object Repository/DemoObject - Orange Web/button' is clicked on

2023-12-30 14:54:26 - [TEST_STEP][PASSED] - verifyTextPresent("Paul Collings", false): Text 'Paul Collings' is present on page 

2023-12-30 14:54:30 - [MESSAGE][PASSED] - Text 'Paul Collings' is present on page 

2023-12-30 14:54:30 - [TEST_STEP][PASSED] - closeBrowser(): Browser is closed

2023-12-30 14:54:31 - [MESSAGE][PASSED] - Browser is closed]]></system-out>
         <system-err><![CDATA[]]></system-err>
      </testcase>
      <system-out><![CDATA[2023-12-30 14:54:08 - [TEST_SUITE][PASSED] - TestSuitesDemo: Test Cases/Demo/ScriptDemo]]></system-out>
      <system-err><![CDATA[]]></system-err>
   </testsuite>
</testsuites>
